<?xml version="1.0" encoding="UTF-8"?>
<!-- Generated by org.testng.reporters.JUnitXMLReporter -->
<testsuite ignored="0" hostname="DESKTOP-T8VVHJG" failures="1" tests="17" name="SmokeTest" time="8.068" errors="0" timestamp="2024-05-01T07:24:34 IST">
  <testcase classname="com.TestNG.partices.AnnotationTest" name="test1" time="0.007"/>
  <testcase classname="com.TestNG.partices.AnnotationTest" name="test2" time="0.002"/>
  <testcase classname="com.TestNG.partices.AnnotationTest" name="test3" time="0.001"/>
  <testcase classname="com.TestNG.partices.AnnotationTest" name="test4" time="0.001"/>
  <testcase classname="com.TestNG.partices.MultipleTestCase" name="OpenURL" time="0.0">
    <failure type="org.testng.TestNGException" message="
Method public void com.TestNG.partices.MultipleTestCase.OpenURL(java.lang.String,java.lang.String) requires a @DataProvider named : getData">
      <![CDATA[org.testng.TestNGException: 
Method public void com.TestNG.partices.MultipleTestCase.OpenURL(java.lang.String,java.lang.String) requires a @DataProvider named : getData
at java.base/java.util.ArrayList.forEach(ArrayList.java:1511)
... Removed 24 stack frames]]>
    </failure>
  </testcase> <!-- OpenURL -->
  <testcase classname="com.TestNG.partices.AnnotationTest3" name="test1" time="0.004"/>
  <testcase classname="com.TestNG.partices.AnnotationTest3" name="test2" time="0.002"/>
  <testcase classname="com.TestNG.partices.AnnotationTest3" name="test3" time="0.001"/>
  <testcase classname="com.TestNG.partices.AnnotationTest3" name="test4" time="0.004"/>
  <testcase classname="com.TestNG.partices.AddofTwoNumbers" name="AddTwonubmer" time="0.002"/>
  <testcase classname="com.TestNG.partices.AddofTwoNumbers" name="Multipication" time="0.02"/>
  <testcase classname="com.TestNG.partices.AnnotationTest1" name="test1" time="0.005"/>
  <testcase classname="com.TestNG.partices.AnnotationTest1" name="test2" time="0.002"/>
  <testcase classname="com.TestNG.partices.AnnotationTest1" name="test3" time="0.003"/>
  <testcase classname="com.TestNG.partices.AnnotationTest1" name="test4" time="0.002"/>
  <testcase classname="com.TestNG.partices.AdminLogin" name="adminlogin" time="7.871"/>
  <testcase classname="com.TestNG.partices.SampleTest" name="sample" time="0.004"/>
</testsuite> <!-- SmokeTest -->
